<?xml version="1.0" encoding="UTF-8"?>
<!-- Generated by org.testng.reporters.JUnitXMLReporter -->
<testsuite ignored="1" hostname="lenovo-personal" failures="0" tests="3" name="Test" time="0.072" errors="0" timestamp="2024-03-23T16:12:48 IST">
  <testcase classname="Test.Day2" name="demo4" time="0.007"/>
  <testcase classname="Test.day4" name="webloginhomeloan" time="0.002"/>
  <testcase classname="Test.day3" name="weblogincarloan" time="0.001"/>
  <testcase classname="Test.Day2" name="demo3" time="0.0">
    <ignored/>
  </testcase> <!-- demo3 -->
</testsuite> <!-- Test -->
