<?xml version="1.0" encoding="UTF-8"?>
<testng-results ignored="0" total="1" passed="1" failed="0" skipped="0">
  <reporter-output>
  </reporter-output>
  <suite started-at="2024-03-24T08:03:22 IST" name="Default suite" finished-at="2024-03-24T08:03:22 IST" duration-ms="46">
    <groups>
    </groups>
    <test started-at="2024-03-24T08:03:22 IST" name="Default test" finished-at="2024-03-24T08:03:22 IST" duration-ms="46">
      <class name="inheritance.child">
        <test-method is-config="true" signature="method2()[pri:0, instance:inheritance.child@4e096385]" started-at="2024-03-24T08:03:22 IST" name="method2" finished-at="2024-03-24T08:03:22 IST" duration-ms="4" status="PASS">
          <reporter-output>
          </reporter-output>
        </test-method> <!-- method2 -->
        <test-method signature="childMethod()[pri:0, instance:inheritance.child@4e096385]" started-at="2024-03-24T08:03:22 IST" name="childMethod" finished-at="2024-03-24T08:03:22 IST" duration-ms="6" status="PASS">
          <reporter-output>
          </reporter-output>
        </test-method> <!-- childMethod -->
        <test-method is-config="true" signature="method3()[pri:0, instance:inheritance.child@4e096385]" started-at="2024-03-24T08:03:22 IST" name="method3" finished-at="2024-03-24T08:03:22 IST" duration-ms="0" status="PASS">
          <reporter-output>
          </reporter-output>
        </test-method> <!-- method3 -->
      </class> <!-- inheritance.child -->
    </test> <!-- Default test -->
  </suite> <!-- Default suite -->
</testng-results>
